Build started 10/26/2015 8:48:44 PM.
     1>Project "C:\Users\bowmanrs1\Desktop\Partial Hanabi\Hanabi\Hanabi.vcxproj" on node 2 (Build target(s)).
     1>ClCompile:
         C:\Program Files (x86)\Microsoft Visual Studio 11.0\VC\bin\CL.exe /c /Zi /nologo /W3 /WX- /sdl /O2 /Oi /Oy- /GL /D WIN32 /D NDEBUG /D _CONSOLE /D _UNICODE /D UNICODE /Gm- /EHsc /MD /GS /Gy /fp:precise /Zc:wchar_t /Zc:forScope /Fo"Release\\" /Fd"Release\vc110.pdb" /Gd /TP /analyze- /errorReport:prompt Hanabi.cpp
         Hanabi.cpp
     1>c:\users\bowmanrs1\desktop\partial hanabi\hanabi\CardKnowledgeBase.h(56): warning C4018: '<' : signed/unsigned mismatch
     1>c:\users\bowmanrs1\desktop\partial hanabi\hanabi\CardKnowledgeBase.h(63): warning C4018: '<' : signed/unsigned mismatch
     1>c:\users\bowmanrs1\desktop\partial hanabi\hanabi\CardKnowledgeBase.h(70): warning C4018: '<' : signed/unsigned mismatch
     1>c:\users\bowmanrs1\desktop\partial hanabi\hanabi\CardKnowledgeBase.h(79): warning C4018: '<' : signed/unsigned mismatch
     1>c:\users\bowmanrs1\desktop\partial hanabi\hanabi\Player.h(62): warning C4018: '<' : signed/unsigned mismatch
     1>c:\users\bowmanrs1\desktop\partial hanabi\hanabi\Player.h(82): warning C4018: '<' : signed/unsigned mismatch
     1>c:\users\bowmanrs1\desktop\partial hanabi\hanabi\Player.h(104): warning C4018: '<' : signed/unsigned mismatch
     1>c:\users\bowmanrs1\desktop\partial hanabi\hanabi\Player.h(109): warning C4018: '<' : signed/unsigned mismatch
     1>c:\users\bowmanrs1\desktop\partial hanabi\hanabi\Player.h(111): warning C4018: '<' : signed/unsigned mismatch
     1>c:\users\bowmanrs1\desktop\partial hanabi\hanabi\Player.h(128): warning C4018: '<' : signed/unsigned mismatch
     1>c:\users\bowmanrs1\desktop\partial hanabi\hanabi\Player.h(133): warning C4018: '<' : signed/unsigned mismatch
     1>c:\users\bowmanrs1\desktop\partial hanabi\hanabi\Player.h(135): warning C4018: '<' : signed/unsigned mismatch
     1>c:\users\bowmanrs1\desktop\partial hanabi\hanabi\Player.h(176): warning C4018: '<' : signed/unsigned mismatch
     1>c:\users\bowmanrs1\desktop\partial hanabi\hanabi\Player.h(189): warning C4018: '<' : signed/unsigned mismatch
     1>c:\users\bowmanrs1\desktop\partial hanabi\hanabi\Player.h(197): warning C4018: '<' : signed/unsigned mismatch
     1>c:\users\bowmanrs1\desktop\partial hanabi\hanabi\Player.h(199): warning C4018: '<' : signed/unsigned mismatch
     1>c:\users\bowmanrs1\desktop\partial hanabi\hanabi\Player.h(214): warning C4018: '<' : signed/unsigned mismatch
     1>c:\users\bowmanrs1\desktop\partial hanabi\hanabi\Player.h(215): warning C4018: '<' : signed/unsigned mismatch
     1>c:\users\bowmanrs1\desktop\partial hanabi\hanabi\Player.h(223): warning C4018: '<' : signed/unsigned mismatch
     1>c:\users\bowmanrs1\desktop\partial hanabi\hanabi\Player.h(231): warning C4018: '<' : signed/unsigned mismatch
     1>c:\users\bowmanrs1\desktop\partial hanabi\hanabi\Player.h(246): warning C4018: '<' : signed/unsigned mismatch
     1>c:\users\bowmanrs1\desktop\partial hanabi\hanabi\Player.h(262): warning C4018: '<' : signed/unsigned mismatch
     1>c:\users\bowmanrs1\desktop\partial hanabi\hanabi\Player.h(265): warning C4018: '<' : signed/unsigned mismatch
     1>c:\users\bowmanrs1\desktop\partial hanabi\hanabi\Player.h(276): warning C4018: '<' : signed/unsigned mismatch
     1>c:\users\bowmanrs1\desktop\partial hanabi\hanabi\Player.h(282): warning C4018: '<' : signed/unsigned mismatch
     1>c:\users\bowmanrs1\desktop\partial hanabi\hanabi\Player.h(294): warning C4018: '<' : signed/unsigned mismatch
     1>c:\users\bowmanrs1\desktop\partial hanabi\hanabi\Player.h(309): warning C4018: '<' : signed/unsigned mismatch
     1>c:\users\bowmanrs1\desktop\partial hanabi\hanabi\Player.h(327): warning C4018: '<' : signed/unsigned mismatch
     1>c:\users\bowmanrs1\desktop\partial hanabi\hanabi\Player.h(346): warning C4018: '<' : signed/unsigned mismatch
       Link:
         C:\Program Files (x86)\Microsoft Visual Studio 11.0\VC\bin\link.exe /ERRORREPORT:PROMPT /OUT:"C:\Users\bowmanrs1\Desktop\Partial Hanabi\Release\Hanabi.exe" /INCREMENTAL:NO /NOLOGO kernel32.lib user32.lib gdi32.lib winspool.lib comdlg32.lib advapi32.lib shell32.lib ole32.lib oleaut32.lib uuid.lib odbc32.lib odbccp32.lib /MANIFEST /MANIFESTUAC:"level='asInvoker' uiAccess='false'" /manifest:embed /DEBUG /PDB:"C:\Users\bowmanrs1\Desktop\Partial Hanabi\Release\Hanabi.pdb" /SUBSYSTEM:CONSOLE /OPT:REF /OPT:ICF /LTCG /TLBID:1 /DYNAMICBASE /NXCOMPAT /IMPLIB:"C:\Users\bowmanrs1\Desktop\Partial Hanabi\Release\Hanabi.lib" /MACHINE:X86 /SAFESEH Release\Hanabi.obj
         Release\stdafx.obj
         Generating code
         Finished generating code
         Hanabi.vcxproj -> C:\Users\bowmanrs1\Desktop\Partial Hanabi\Release\Hanabi.exe
     1>Done Building Project "C:\Users\bowmanrs1\Desktop\Partial Hanabi\Hanabi\Hanabi.vcxproj" (Build target(s)).

Build succeeded.

Time Elapsed 00:00:01.54
